<?xml version="1.0" encoding="UTF-8"?>
<coverage generated="1785466894571" clover="3.2.0">
  <project timestamp="1785466894571" name="All files">
    <metrics statements="27" coveredstatements="6" conditionals="32" coveredconditionals="4" methods="9" coveredmethods="2" elements="68" coveredelements="12" complexity="0" loc="27" ncloc="27" packages="3" files="5" classes="5"/>
    <package name="src">
      <metrics statements="2" coveredstatements="2" conditionals="4" coveredconditionals="2" methods="1" coveredmethods="1"/>
      <file name="App.jsx" path="C:\Users\Dell\.gemini\antigravity-ide\scratch\analyticore\frontend\src\App.jsx">
        <metrics statements="2" coveredstatements="2" conditionals="4" coveredconditionals="2" methods="1" coveredmethods="1"/>
        <line num="8" count="1" type="stmt"/>
        <line num="10" count="1" type="stmt"/>
      </file>
    </package>
    <package name="src.domain">
      <metrics statements="5" coveredstatements="1" conditionals="2" coveredconditionals="0" methods="1" coveredmethods="0"/>
      <file name="Job.js" path="C:\Users\Dell\.gemini\antigravity-ide\scratch\analyticore\frontend\src\domain\Job.js">
        <metrics statements="5" coveredstatements="1" conditionals="2" coveredconditionals="0" methods="1" coveredmethods="0"/>
        <line num="1" count="1" type="stmt"/>
        <line num="10" count="0" type="stmt"/>
        <line num="11" count="0" type="stmt"/>
        <line num="12" count="0" type="stmt"/>
        <line num="13" count="0" type="stmt"/>
      </file>
    </package>
    <package name="src.frameworks.components">
      <metrics statements="20" coveredstatements="3" conditionals="26" coveredconditionals="2" methods="7" coveredmethods="1"/>
      <file name="JobForm.jsx" path="C:\Users\Dell\.gemini\antigravity-ide\scratch\analyticore\frontend\src\frameworks\components\JobForm.jsx">
        <metrics statements="8" coveredstatements="3" conditionals="8" coveredconditionals="2" methods="3" coveredmethods="1"/>
        <line num="4" count="1" type="stmt"/>
        <line num="6" count="1" type="stmt"/>
        <line num="7" count="0" type="stmt"/>
        <line num="8" count="0" type="cond" truecount="0" falsecount="4"/>
        <line num="9" count="0" type="stmt"/>
        <line num="10" count="0" type="stmt"/>
        <line num="14" count="1" type="stmt"/>
        <line num="20" count="0" type="stmt"/>
      </file>
      <file name="JobResult.jsx" path="C:\Users\Dell\.gemini\antigravity-ide\scratch\analyticore\frontend\src\frameworks\components\JobResult.jsx">
        <metrics statements="4" coveredstatements="0" conditionals="9" coveredconditionals="0" methods="2" coveredmethods="0"/>
        <line num="5" count="0" type="cond" truecount="0" falsecount="5"/>
        <line num="7" count="0" type="stmt"/>
        <line num="9" count="0" type="stmt"/>
        <line num="25" count="0" type="stmt"/>
      </file>
      <file name="JobStatus.jsx" path="C:\Users\Dell\.gemini\antigravity-ide\scratch\analyticore\frontend\src\frameworks\components\JobStatus.jsx">
        <metrics statements="8" coveredstatements="0" conditionals="9" coveredconditionals="0" methods="2" coveredmethods="0"/>
        <line num="5" count="0" type="cond" truecount="0" falsecount="2"/>
        <line num="7" count="0" type="stmt"/>
        <line num="8" count="0" type="cond" truecount="0" falsecount="4"/>
        <line num="10" count="0" type="stmt"/>
        <line num="12" count="0" type="stmt"/>
        <line num="14" count="0" type="stmt"/>
        <line num="16" count="0" type="stmt"/>
        <line num="20" count="0" type="stmt"/>
      </file>
    </package>
  </project>
</coverage>
