{"C:\\Users\\Dell\\.gemini\\antigravity-ide\\scratch\\analyticore\\frontend\\src\\App.jsx": {"path":"C:\\Users\\Dell\\.gemini\\antigravity-ide\\scratch\\analyticore\\frontend\\src\\App.jsx","statementMap":{"0":{"start":{"line":8,"column":45},"end":{"line":8,"column":53}},"1":{"start":{"line":10,"column":2},"end":{"line":30,"column":3}}},"fnMap":{"0":{"name":"App","decl":{"start":{"line":7,"column":9},"end":{"line":7,"column":12}},"loc":{"start":{"line":7,"column":15},"end":{"line":31,"column":1}},"line":7}},"branchMap":{"0":{"loc":{"start":{"line":18,"column":9},"end":{"line":18,"column":69}},"type":"binary-expr","locations":[{"start":{"line":18,"column":9},"end":{"line":18,"column":14}},{"start":{"line":18,"column":18},"end":{"line":18,"column":69}}],"line":18},"1":{"loc":{"start":{"line":22,"column":9},"end":{"line":27,"column":9}},"type":"binary-expr","locations":[{"start":{"line":22,"column":9},"end":{"line":22,"column":12}},{"start":{"line":23,"column":10},"end":{"line":26,"column":16}}],"line":22}},"s":{"0":1,"1":1},"f":{"0":1},"b":{"0":[1,0],"1":[1,0]},"_coverageSchema":"1a1c01bbd47fc00a2c39e90264f33305004495a9","hash":"146a22cf93ae6a1369ecc74400ef36fa878e25c2"}
,"C:\\Users\\Dell\\.gemini\\antigravity-ide\\scratch\\analyticore\\frontend\\src\\domain\\Job.js": {"path":"C:\\Users\\Dell\\.gemini\\antigravity-ide\\scratch\\analyticore\\frontend\\src\\domain\\Job.js","statementMap":{"0":{"start":{"line":1,"column":25},"end":{"line":6,"column":1}},"1":{"start":{"line":10,"column":4},"end":{"line":10,"column":17}},"2":{"start":{"line":11,"column":4},"end":{"line":11,"column":21}},"3":{"start":{"line":12,"column":4},"end":{"line":12,"column":25}},"4":{"start":{"line":13,"column":4},"end":{"line":13,"column":25}}},"fnMap":{"0":{"name":"(anonymous_0)","decl":{"start":{"line":9,"column":2},"end":{"line":9,"column":3}},"loc":{"start":{"line":9,"column":71},"end":{"line":14,"column":3}},"line":9}},"branchMap":{"0":{"loc":{"start":{"line":9,"column":26},"end":{"line":9,"column":52}},"type":"default-arg","locations":[{"start":{"line":9,"column":35},"end":{"line":9,"column":52}}],"line":9},"1":{"loc":{"start":{"line":9,"column":54},"end":{"line":9,"column":67}},"type":"default-arg","locations":[{"start":{"line":9,"column":63},"end":{"line":9,"column":67}}],"line":9}},"s":{"0":1,"1":0,"2":0,"3":0,"4":0},"f":{"0":0},"b":{"0":[0],"1":[0]},"_coverageSchema":"1a1c01bbd47fc00a2c39e90264f33305004495a9","hash":"927bf4a6751433aaa2d1cd27c622a6448e286fe9"}
,"C:\\Users\\Dell\\.gemini\\antigravity-ide\\scratch\\analyticore\\frontend\\src\\frameworks\\components\\JobForm.jsx": {"path":"C:\\Users\\Dell\\.gemini\\antigravity-ide\\scratch\\analyticore\\frontend\\src\\frameworks\\components\\JobForm.jsx","statementMap":{"0":{"start":{"line":4,"column":26},"end":{"line":4,"column":38}},"1":{"start":{"line":6,"column":23},"end":{"line":12,"column":3}},"2":{"start":{"line":7,"column":4},"end":{"line":7,"column":23}},"3":{"start":{"line":8,"column":4},"end":{"line":11,"column":5}},"4":{"start":{"line":9,"column":6},"end":{"line":9,"column":21}},"5":{"start":{"line":10,"column":6},"end":{"line":10,"column":18}},"6":{"start":{"line":14,"column":2},"end":{"line":31,"column":4}},"7":{"start":{"line":20,"column":27},"end":{"line":20,"column":50}}},"fnMap":{"0":{"name":"JobForm","decl":{"start":{"line":3,"column":16},"end":{"line":3,"column":23}},"loc":{"start":{"line":3,"column":47},"end":{"line":32,"column":1}},"line":3},"1":{"name":"(anonymous_1)","decl":{"start":{"line":6,"column":23},"end":{"line":6,"column":24}},"loc":{"start":{"line":6,"column":30},"end":{"line":12,"column":3}},"line":6},"2":{"name":"(anonymous_2)","decl":{"start":{"line":20,"column":20},"end":{"line":20,"column":21}},"loc":{"start":{"line":20,"column":27},"end":{"line":20,"column":50}},"line":20}},"branchMap":{"0":{"loc":{"start":{"line":8,"column":4},"end":{"line":11,"column":5}},"type":"if","locations":[{"start":{"line":8,"column":4},"end":{"line":11,"column":5}},{"start":{},"end":{}}],"line":8},"1":{"loc":{"start":{"line":8,"column":8},"end":{"line":8,"column":31}},"type":"binary-expr","locations":[{"start":{"line":8,"column":8},"end":{"line":8,"column":19}},{"start":{"line":8,"column":23},"end":{"line":8,"column":31}}],"line":8},"2":{"loc":{"start":{"line":26,"column":40},"end":{"line":26,"column":63}},"type":"binary-expr","locations":[{"start":{"line":26,"column":40},"end":{"line":26,"column":52}},{"start":{"line":26,"column":56},"end":{"line":26,"column":63}}],"line":26},"3":{"loc":{"start":{"line":27,"column":11},"end":{"line":27,"column":53}},"type":"cond-expr","locations":[{"start":{"line":27,"column":21},"end":{"line":27,"column":34}},{"start":{"line":27,"column":37},"end":{"line":27,"column":53}}],"line":27}},"s":{"0":1,"1":1,"2":0,"3":0,"4":0,"5":0,"6":1,"7":0},"f":{"0":1,"1":0,"2":0},"b":{"0":[0,0],"1":[0,0],"2":[1,0],"3":[0,1]},"_coverageSchema":"1a1c01bbd47fc00a2c39e90264f33305004495a9","hash":"d2e2e959690f63ec1d4e6db726a6eab206e8a910"}
,"C:\\Users\\Dell\\.gemini\\antigravity-ide\\scratch\\analyticore\\frontend\\src\\frameworks\\components\\JobResult.jsx": {"path":"C:\\Users\\Dell\\.gemini\\antigravity-ide\\scratch\\analyticore\\frontend\\src\\frameworks\\components\\JobResult.jsx","statementMap":{"0":{"start":{"line":5,"column":2},"end":{"line":5,"column":78}},"1":{"start":{"line":5,"column":66},"end":{"line":5,"column":78}},"2":{"start":{"line":7,"column":34},"end":{"line":7,"column":44}},"3":{"start":{"line":9,"column":2},"end":{"line":33,"column":4}},"4":{"start":{"line":25,"column":14},"end":{"line":25,"column":63}}},"fnMap":{"0":{"name":"JobResult","decl":{"start":{"line":4,"column":16},"end":{"line":4,"column":25}},"loc":{"start":{"line":4,"column":35},"end":{"line":34,"column":1}},"line":4},"1":{"name":"(anonymous_1)","decl":{"start":{"line":24,"column":26},"end":{"line":24,"column":27}},"loc":{"start":{"line":25,"column":14},"end":{"line":25,"column":63}},"line":25}},"branchMap":{"0":{"loc":{"start":{"line":5,"column":2},"end":{"line":5,"column":78}},"type":"if","locations":[{"start":{"line":5,"column":2},"end":{"line":5,"column":78}},{"start":{},"end":{}}],"line":5},"1":{"loc":{"start":{"line":5,"column":6},"end":{"line":5,"column":64}},"type":"binary-expr","locations":[{"start":{"line":5,"column":6},"end":{"line":5,"column":10}},{"start":{"line":5,"column":14},"end":{"line":5,"column":49}},{"start":{"line":5,"column":53},"end":{"line":5,"column":64}}],"line":5},"2":{"loc":{"start":{"line":22,"column":9},"end":{"line":30,"column":9}},"type":"cond-expr","locations":[{"start":{"line":23,"column":10},"end":{"line":27,"column":16}},{"start":{"line":29,"column":10},"end":{"line":29,"column":49}}],"line":22},"3":{"loc":{"start":{"line":22,"column":9},"end":{"line":22,"column":40}},"type":"binary-expr","locations":[{"start":{"line":22,"column":9},"end":{"line":22,"column":17}},{"start":{"line":22,"column":21},"end":{"line":22,"column":40}}],"line":22}},"s":{"0":0,"1":0,"2":0,"3":0,"4":0},"f":{"0":0,"1":0},"b":{"0":[0,0],"1":[0,0,0],"2":[0,0],"3":[0,0]},"_coverageSchema":"1a1c01bbd47fc00a2c39e90264f33305004495a9","hash":"de4baef058aabe8bf9caf0741b3e6832b163dbe7"}
,"C:\\Users\\Dell\\.gemini\\antigravity-ide\\scratch\\analyticore\\frontend\\src\\frameworks\\components\\JobStatus.jsx": {"path":"C:\\Users\\Dell\\.gemini\\antigravity-ide\\scratch\\analyticore\\frontend\\src\\frameworks\\components\\JobStatus.jsx","statementMap":{"0":{"start":{"line":5,"column":2},"end":{"line":5,"column":24}},"1":{"start":{"line":5,"column":12},"end":{"line":5,"column":24}},"2":{"start":{"line":7,"column":25},"end":{"line":18,"column":3}},"3":{"start":{"line":8,"column":4},"end":{"line":17,"column":5}},"4":{"start":{"line":10,"column":8},"end":{"line":10,"column":23}},"5":{"start":{"line":12,"column":8},"end":{"line":12,"column":21}},"6":{"start":{"line":14,"column":8},"end":{"line":14,"column":22}},"7":{"start":{"line":16,"column":8},"end":{"line":16,"column":22}},"8":{"start":{"line":20,"column":2},"end":{"line":34,"column":4}}},"fnMap":{"0":{"name":"JobStatus","decl":{"start":{"line":4,"column":16},"end":{"line":4,"column":25}},"loc":{"start":{"line":4,"column":35},"end":{"line":35,"column":1}},"line":4},"1":{"name":"(anonymous_1)","decl":{"start":{"line":7,"column":25},"end":{"line":7,"column":26}},"loc":{"start":{"line":7,"column":31},"end":{"line":18,"column":3}},"line":7}},"branchMap":{"0":{"loc":{"start":{"line":5,"column":2},"end":{"line":5,"column":24}},"type":"if","locations":[{"start":{"line":5,"column":2},"end":{"line":5,"column":24}},{"start":{},"end":{}}],"line":5},"1":{"loc":{"start":{"line":8,"column":4},"end":{"line":17,"column":5}},"type":"switch","locations":[{"start":{"line":9,"column":6},"end":{"line":10,"column":23}},{"start":{"line":11,"column":6},"end":{"line":12,"column":21}},{"start":{"line":13,"column":6},"end":{"line":14,"column":22}},{"start":{"line":15,"column":6},"end":{"line":16,"column":22}}],"line":8},"2":{"loc":{"start":{"line":30,"column":7},"end":{"line":32,"column":7}},"type":"binary-expr","locations":[{"start":{"line":30,"column":8},"end":{"line":30,"column":41}},{"start":{"line":30,"column":45},"end":{"line":30,"column":81}},{"start":{"line":31,"column":8},"end":{"line":31,"column":39}}],"line":30}},"s":{"0":0,"1":0,"2":0,"3":0,"4":0,"5":0,"6":0,"7":0,"8":0},"f":{"0":0,"1":0},"b":{"0":[0,0],"1":[0,0,0,0],"2":[0,0,0]},"_coverageSchema":"1a1c01bbd47fc00a2c39e90264f33305004495a9","hash":"dcd006c93fada7dd0cb7de7a361a68034639e398"}
}
