TN:
SF:src\App.jsx
FN:7,App
FNF:1
FNH:1
FNDA:1,App
DA:8,1
DA:10,1
LF:2
LH:2
BRDA:18,0,0,1
BRDA:18,0,1,0
BRDA:22,1,0,1
BRDA:22,1,1,0
BRF:4
BRH:2
end_of_record
TN:
SF:src\domain\Job.js
FN:9,(anonymous_0)
FNF:1
FNH:0
FNDA:0,(anonymous_0)
DA:1,1
DA:10,0
DA:11,0
DA:12,0
DA:13,0
LF:5
LH:1
BRDA:9,0,0,0
BRDA:9,1,0,0
BRF:2
BRH:0
end_of_record
TN:
SF:src\frameworks\components\JobForm.jsx
FN:3,JobForm
FN:6,(anonymous_1)
FN:20,(anonymous_2)
FNF:3
FNH:1
FNDA:1,JobForm
FNDA:0,(anonymous_1)
FNDA:0,(anonymous_2)
DA:4,1
DA:6,1
DA:7,0
DA:8,0
DA:9,0
DA:10,0
DA:14,1
DA:20,0
LF:8
LH:3
BRDA:8,0,0,0
BRDA:8,0,1,0
BRDA:8,1,0,0
BRDA:8,1,1,0
BRDA:26,2,0,1
BRDA:26,2,1,0
BRDA:27,3,0,0
BRDA:27,3,1,1
BRF:8
BRH:2
end_of_record
TN:
SF:src\frameworks\components\JobResult.jsx
FN:4,JobResult
FN:24,(anonymous_1)
FNF:2
FNH:0
FNDA:0,JobResult
FNDA:0,(anonymous_1)
DA:5,0
DA:7,0
DA:9,0
DA:25,0
LF:4
LH:0
BRDA:5,0,0,0
BRDA:5,0,1,0
BRDA:5,1,0,0
BRDA:5,1,1,0
BRDA:5,1,2,0
BRDA:22,2,0,0
BRDA:22,2,1,0
BRDA:22,3,0,0
BRDA:22,3,1,0
BRF:9
BRH:0
end_of_record
TN:
SF:src\frameworks\components\JobStatus.jsx
FN:4,JobStatus
FN:7,(anonymous_1)
FNF:2
FNH:0
FNDA:0,JobStatus
FNDA:0,(anonymous_1)
DA:5,0
DA:7,0
DA:8,0
DA:10,0
DA:12,0
DA:14,0
DA:16,0
DA:20,0
LF:8
LH:0
BRDA:5,0,0,0
BRDA:5,0,1,0
BRDA:8,1,0,0
BRDA:8,1,1,0
BRDA:8,1,2,0
BRDA:8,1,3,0
BRDA:30,2,0,0
BRDA:30,2,1,0
BRDA:30,2,2,0
BRF:9
BRH:0
end_of_record
